<?xml version="1.0" encoding="UTF-8"?>
<!-- Generated by org.testng.reporters.JUnitReportReporter -->
<testsuite skipped="0" hostname="DESKTOP-CKDMN9M" name="facebook.test.FacebookLoginTest" tests="1" failures="0" timestamp="2020-05-12T05:45:20 EDT" time="9.364" errors="0">
  <testcase name="loginErrorMessage" time="9.364" classname="facebook.test.FacebookLoginTest"/>
</testsuite> <!-- facebook.test.FacebookLoginTest -->
